<?xml version="1.0" encoding="UTF-8"?>
<!-- Generated by org.testng.reporters.JUnitReportReporter -->
<testsuite hostname="DESKTOP-6MCO3NS" failures="0" tests="4" name="com.qa.opencart.test.LoginPageTest" time="2.002" errors="0" timestamp="2023-10-13T14:48:46 IST" skipped="0">
  <testcase classname="com.qa.opencart.test.LoginPageTest" name="LoginPageTitleTest" time="0.398"/>
  <system-out/>
  <testcase classname="com.qa.opencart.test.LoginPageTest" name="LoginUrtTest" time="0.039"/>
  <system-out/>
  <testcase classname="com.qa.opencart.test.LoginPageTest" name="forgotPassworLinkTest" time="0.174"/>
  <system-out/>
  <testcase classname="com.qa.opencart.test.LoginPageTest" name="loginTest" time="1.391"/>
  <system-out/>
</testsuite> <!-- com.qa.opencart.test.LoginPageTest -->
