<?xml version="1.0" encoding="UTF-8"?>
<!-- Generated by org.testng.reporters.JUnitReportReporter -->
<testsuite hostname="DESKTOP-6MCO3NS" failures="0" tests="4" name="com.qa.opencart.test.LoginPageTest" time="3.066" errors="0" timestamp="2023-10-10T16:19:08 IST" skipped="0">
  <testcase classname="com.qa.opencart.test.LoginPageTest" name="LoginUrtTest" time="0.025"/>
  <system-out/>
  <testcase classname="com.qa.opencart.test.LoginPageTest" name="LoginPageTitleTest" time="0.103"/>
  <system-out/>
  <testcase classname="com.qa.opencart.test.LoginPageTest" name="forgotPassworLinkTest" time="0.949"/>
  <system-out/>
  <testcase classname="com.qa.opencart.test.LoginPageTest" name="loginTest" time="1.989"/>
  <system-out/>
</testsuite> <!-- com.qa.opencart.test.LoginPageTest -->
