<?xml version="1.0" encoding="UTF-8"?>
<!-- Generated by org.testng.reporters.JUnitReportReporter -->
<testsuite hostname="DESKTOP-6MCO3NS" failures="0" tests="4" name="com.qa.opencart.test.AccountsPageTest" time="0.423" errors="0" timestamp="2023-10-13T15:31:24 IST" skipped="0">
  <testcase classname="com.qa.opencart.test.AccountsPageTest" name="verifyAccountsPageTilteTest" time="0.039"/>
  <system-out/>
  <testcase classname="com.qa.opencart.test.AccountsPageTest" name="verifyAccountUrlTest" time="0.024"/>
  <system-out/>
  <testcase classname="com.qa.opencart.test.AccountsPageTest" name="logoutlinkExistTest" time="0.108"/>
  <system-out/>
  <testcase classname="com.qa.opencart.test.AccountsPageTest" name="accountHeaderTest" time="0.252"/>
  <system-out/>
</testsuite> <!-- com.qa.opencart.test.AccountsPageTest -->
