<?xml version="1.0" encoding="UTF-8"?>
<!-- Generated by org.testng.reporters.JUnitReportReporter -->
<testsuite hostname="DESKTOP-6MCO3NS" failures="0" tests="4" name="com.qa.opencart.test.LoginPageTest" time="3.509" errors="0" timestamp="2023-10-17T17:33:24 IST" skipped="0">
  <testcase classname="com.qa.opencart.test.LoginPageTest" name="LoginPageTitleTest" time="0.040"/>
  <system-out/>
  <testcase classname="com.qa.opencart.test.LoginPageTest" name="LoginUrtTest" time="0.029"/>
  <system-out/>
  <testcase classname="com.qa.opencart.test.LoginPageTest" name="forgotPassworLinkTest" time="0.139"/>
  <system-out/>
  <testcase classname="com.qa.opencart.test.LoginPageTest" name="loginTest" time="3.301"/>
  <system-out/>
</testsuite> <!-- com.qa.opencart.test.LoginPageTest -->
