<?xml version="1.0" encoding="UTF-8"?>
<!-- Generated by org.testng.reporters.JUnitReportReporter -->
<testsuite hostname="DESKTOP-6MCO3NS" failures="0" tests="3" name="com.qa.opencart.test.ProductPageInfoTest" time="13.673" errors="0" timestamp="2023-10-31T13:53:25 IST" skipped="0">
  <testcase classname="com.qa.opencart.test.ProductPageInfoTest" name="productImageCountTest" time="4.749"/>
  <system-out/>
  <testcase classname="com.qa.opencart.test.ProductPageInfoTest" name="productImageCountTest" time="4.210"/>
  <system-out/>
  <testcase classname="com.qa.opencart.test.ProductPageInfoTest" name="productImageCountTest" time="4.714"/>
  <system-out/>
</testsuite> <!-- com.qa.opencart.test.ProductPageInfoTest -->
