<?xml version="1.0" encoding="UTF-8"?>
<!-- Generated by org.testng.reporters.JUnitReportReporter -->
<testsuite hostname="DESKTOP-6MCO3NS" failures="0" tests="1" name="com.qa.opencart.test.AccountsPageTest" time="0.280" errors="0" timestamp="2023-10-17T15:28:38 IST" skipped="0">
  <testcase classname="com.qa.opencart.test.AccountsPageTest" name="accountHeadervalueTest" time="0.280"/>
  <system-out/>
</testsuite> <!-- com.qa.opencart.test.AccountsPageTest -->
